<?xml version='1.0' encoding='UTF-8'?>
<testsuite hostname="5410-TN81498" name="controllers.HomeControllerSpec" tests="5" errors="0" failures="0" skipped="0" time="4.048" timestamp="2024-08-30T17:54:24">
          <properties>
[...]
</properties>
          <testcase classname="controllers.HomeControllerSpec" name="HomeController GET should render the index page from a new instance of controller" time="3.25">
                      
                    </testcase><testcase classname="controllers.HomeControllerSpec" name="HomeController GET should render the index page from the application" time="0.166">
                      
                    </testcase><testcase classname="controllers.HomeControllerSpec" name="HomeController GET should render the index page from the router" time="0.328">
                      
                    </testcase><testcase classname="controllers.HomeControllerSpec" name="String into Int should Check Some" time="0.145">
                      
                    </testcase><testcase classname="controllers.HomeControllerSpec" name="String into Int should Check None" time="0.159">
                      
                    </testcase>
          <system-out><![CDATA[]]></system-out>
          <system-err><![CDATA[]]></system-err>
        </testsuite>