<?xml version="1.0"?>
<!DOCTYPE coverage SYSTEM "https://cobertura.sourceforge.net/xml/coverage-04.dtd">
<coverage 
line-rate="0.54" lines-valid="134" lines-covered="73" branches-valid="14" branches-covered="3" branch-rate="0.21" complexity="0" version="1.0" timestamp="1725020665891">
    <sources>
        <source>--source</source>
        <source>C:/Users/vineet.chauhan/ScalaPro/Play-sonar/app</source>
        <source>C:/Users/vineet.chauhan/ScalaPro/Play-sonar/target/scala-2.13/routes/main</source>
        <source>C:/Users/vineet.chauhan/ScalaPro/Play-sonar/target/scala-2.13/twirl/main</source>
    </sources>
    <packages>
        <package name="controllers" line-rate="0.63" branch-rate="0.25" complexity="0">
            <classes>
                <class 
                name="controllers.ReverseAssets" filename="controllers\ReverseRoutes.scala" line-rate="0.82" branch-rate="0.50" complexity="0">
                    <methods>
                        <method name="controllers/ReverseAssets/versioned" signature="()V" line-rate="1.00" branch-rate="1.00" complexity="0">
                            <lines>
                                <line number="37" hits="1" branch="false"/>
                                <line number="37" hits="1" branch="false"/>
                                <line number="37" hits="1" branch="false"/>
                                <line number="37" hits="1" branch="false"/>
                                <line number="37" hits="1" branch="false"/>
                                <line number="37" hits="1" branch="false"/>
                            </lines>
                        </method>
                        <method 
                        name="controllers/ReverseAssets/_defaultPrefix" signature="()V" line-rate="0.60" branch-rate="0.50" complexity="0">
                            <lines>
                                <line number="30" hits="1" branch="false"/>
                                <line number="30" hits="0" branch="false"/>
                                <line number="30" hits="1" branch="true"/>
                                <line number="30" hits="1" branch="false"/>
                                <line number="30" hits="0" branch="true"/>
                            </lines>
</method>
                    </methods>
                    <lines>
                        <line number="37" hits="1" branch="false"/>
                        <line number="30" hits="1" branch="false"/>
                        <line number="37" hits="1" branch="false"/>
                        <line number="30" hits="0" branch="false"/>
                        <line number="37" hits="1" branch="false"/>
                        <line number="37" hits="1" branch="false"/>
                        <line number="30" hits="1" branch="true"/>
                        <line number="37" hits="1" branch="false"/>
                        <line number="30" hits="1" branch="false"/>
                        <line number="30" hits="0" branch="true"/>
                        <line number="37" hits="1" branch="false"/>
                    </lines>
</class>
                <class 
                name="controllers.HomeController" filename="controllers\HomeController.scala" line-rate="1.00" branch-rate="1.00" complexity="0">
                    <methods>
                        <method 
                        name="controllers/HomeController/stringIntoOption" signature="()V" line-rate="1.00" branch-rate="1.00" complexity="0">
                            <lines>
                                <line number="26" hits="1" branch="false"/>
                            </lines>
</method>
                        <method name="controllers/HomeController/index" signature="()V" line-rate="1.00" branch-rate="1.00" complexity="0">
                            <lines>
                                <line number="22" hits="1" branch="false"/>
                                <line number="22" hits="1" branch="false"/>
                                <line number="22" hits="1" branch="false"/>
                                <line number="21" hits="1" branch="false"/>
                                <line number="22" hits="1" branch="false"/>
                                <line number="22" hits="1" branch="false"/>
                                <line number="22" hits="1" branch="false"/>
                            </lines>
                        </method>
                    </methods>
                    <lines>
                        <line number="26" hits="1" branch="false"/>
                        <line number="22" hits="1" branch="false"/>
                        <line number="22" hits="1" branch="false"/>
                        <line number="22" hits="1" branch="false"/>
                        <line number="21" hits="1" branch="false"/>
                        <line number="22" hits="1" branch="false"/>
                        <line number="22" hits="1" branch="false"/>
                        <line number="22" hits="1" branch="false"/>
                    </lines>
</class>
                <class 
                name="controllers.ReverseHomeController" filename="controllers\ReverseRoutes.scala" line-rate="0.00" branch-rate="0.00" complexity="0">
                    <methods>
                        <method 
                        name="controllers/ReverseHomeController/_defaultPrefix" signature="()V" line-rate="0.00" branch-rate="0.00" complexity="0">
                            <lines>
                                <line number="15" hits="0" branch="true"/>
                                <line number="15" hits="0" branch="true"/>
                                <line number="15" hits="0" branch="false"/>
                                <line number="15" hits="0" branch="false"/>
                                <line number="15" hits="0" branch="false"/>
                            </lines>
</method>
                        <method 
                        name="controllers/ReverseHomeController/index" signature="()V" line-rate="0.00" branch-rate="0.00" complexity="0">
                            <lines>
                                <line number="22" hits="0" branch="false"/>
                                <line number="22" hits="0" branch="false"/>
                                <line number="22" hits="0" branch="false"/>
                            </lines>
</method>
                    </methods>
                    <lines>
                        <line number="15" hits="0" branch="true"/>
                        <line number="22" hits="0" branch="false"/>
                        <line number="15" hits="0" branch="true"/>
                        <line number="22" hits="0" branch="false"/>
                        <line number="15" hits="0" branch="false"/>
                        <line number="15" hits="0" branch="false"/>
                        <line number="15" hits="0" branch="false"/>
                        <line number="22" hits="0" branch="false"/>
                    </lines>
</class>
            </classes>
        </package>
        <package name="controllers.javascript" line-rate="0.00" branch-rate="0.00" complexity="0">
            <classes>
                <class 
                name="controllers.javascript.ReverseAssets" filename="controllers\javascript\JavaScriptReverseRoutes.scala" line-rate="0.00" branch-rate="0.00" complexity="0">
                    <methods>
                        <method 
                        name="controllers.javascript/ReverseAssets/versioned" signature="()V" line-rate="0.00" branch-rate="0.00" complexity="0">
                            <lines>
                                <line number="42" hits="0" branch="false"/>
                                <line number="41" hits="0" branch="false"/>
                                <line number="45" hits="0" branch="false"/>
                            </lines>
</method>
                        <method 
                        name="controllers.javascript/ReverseAssets/_defaultPrefix" signature="()V" line-rate="0.00" branch-rate="0.00" complexity="0">
                            <lines>
                                <line number="36" hits="0" branch="true"/>
                                <line number="36" hits="0" branch="true"/>
                                <line number="36" hits="0" branch="false"/>
                                <line number="36" hits="0" branch="false"/>
                                <line number="36" hits="0" branch="false"/>
                            </lines>
</method>
                    </methods>
                    <lines>
                        <line number="42" hits="0" branch="false"/>
                        <line number="36" hits="0" branch="true"/>
                        <line number="36" hits="0" branch="true"/>
                        <line number="41" hits="0" branch="false"/>
                        <line number="36" hits="0" branch="false"/>
                        <line number="36" hits="0" branch="false"/>
                        <line number="36" hits="0" branch="false"/>
                        <line number="45" hits="0" branch="false"/>
                    </lines>
</class>
                <class 
                name="controllers.javascript.ReverseHomeController" filename="controllers\javascript\JavaScriptReverseRoutes.scala" line-rate="0.00" branch-rate="0.00" complexity="0">
                    <methods>
                        <method 
                        name="controllers.javascript/ReverseHomeController/_defaultPrefix" signature="()V" line-rate="0.00" branch-rate="0.00" complexity="0">
                            <lines>
                                <line number="16" hits="0" branch="true"/>
                                <line number="16" hits="0" branch="false"/>
                                <line number="16" hits="0" branch="false"/>
                                <line number="16" hits="0" branch="false"/>
                                <line number="16" hits="0" branch="true"/>
                            </lines>
</method>
                        <method 
                        name="controllers.javascript/ReverseHomeController/index" signature="()V" line-rate="0.00" branch-rate="0.00" complexity="0">
                            <lines>
                                <line number="21" hits="0" branch="false"/>
                                <line number="25" hits="0" branch="false"/>
                                <line number="22" hits="0" branch="false"/>
                            </lines>
</method>
                    </methods>
                    <lines>
                        <line number="16" hits="0" branch="true"/>
                        <line number="21" hits="0" branch="false"/>
                        <line number="16" hits="0" branch="false"/>
                        <line number="16" hits="0" branch="false"/>
                        <line number="25" hits="0" branch="false"/>
                        <line number="16" hits="0" branch="false"/>
                        <line number="16" hits="0" branch="true"/>
                        <line number="22" hits="0" branch="false"/>
                    </lines>
</class>
            </classes>
        </package>
        <package name="router" line-rate="0.40" branch-rate="0.33" complexity="0">
            <classes>
                <class 
                name="router.RoutesPrefix" filename="router\RoutesPrefix.scala" line-rate="1.00" branch-rate="1.00" complexity="0">
                    <methods>
                        <method name="router/RoutesPrefix/&lt;none&gt;" signature="()V" line-rate="1.00" branch-rate="1.00" complexity="0">
                            <lines>
                                <line number="7" hits="1" branch="false"/>
                                <line number="12" hits="1" branch="false"/>
                            </lines>
                        </method>
                        <method name="router/RoutesPrefix/prefix" signature="()V" line-rate="1.00" branch-rate="1.00" complexity="0">
                            <lines>
                                <line number="11" hits="1" branch="false"/>
                            </lines>
                        </method>
                        <method name="router/RoutesPrefix/setPrefix" signature="()V" line-rate="1.00" branch-rate="1.00" complexity="0">
                            <lines>
                                <line number="9" hits="1" branch="false"/>
                            </lines>
                        </method>
                    </methods>
                    <lines>
                        <line number="7" hits="1" branch="false"/>
                        <line number="12" hits="1" branch="false"/>
                        <line number="11" hits="1" branch="false"/>
                        <line number="9" hits="1" branch="false"/>
                    </lines>
</class>
                <class name="router.Routes" filename="router\Routes.scala" line-rate="0.35" branch-rate="0.33" complexity="0">
                    <methods>
                        <method name="router/Routes/&lt;init&gt;" signature="()V" line-rate="1.00" branch-rate="1.00" complexity="0">
                            <lines>
                                <line number="28" hits="1" branch="false"/>
                                <line number="28" hits="1" branch="false"/>
                            </lines>
                        </method>
                        <method name="router/Routes/documentation" signature="()V" line-rate="0.00" branch-rate="0.00" complexity="0">
                            <lines>
                                <line number="41" hits="0" branch="false"/>
                                <line number="45" hits="0" branch="false"/>
                                <line number="42" hits="0" branch="false"/>
                                <line number="46" hits="0" branch="false"/>
                                <line number="44" hits="0" branch="false"/>
                                <line number="42" hits="0" branch="false"/>
                                <line number="42" hits="0" branch="false"/>
                                <line number="46" hits="0" branch="true"/>
                                <line number="41" hits="0" branch="false"/>
                                <line number="44" hits="0" branch="false"/>
                                <line number="45" hits="0" branch="true"/>
                                <line number="41" hits="0" branch="false"/>
                                <line number="41" hits="0" branch="false"/>
                                <line number="45" hits="0" branch="false"/>
                                <line number="42" hits="0" branch="false"/>
                                <line number="46" hits="0" branch="false"/>
                                <line number="43" hits="0" branch="false"/>
                            </lines>
                        </method>
                        <method name="router/Routes/&lt;none&gt;" signature="()V" line-rate="0.60" branch-rate="0.50" complexity="0">
                            <lines>
                                <line number="37" hits="1" branch="false"/>
                                <line number="37" hits="0" branch="false"/>
                                <line number="37" hits="1" branch="true"/>
                                <line number="37" hits="1" branch="false"/>
                                <line number="37" hits="0" branch="true"/>
                            </lines>
                        </method>
                        <method name="router/Routes/withPrefix" signature="()V" line-rate="1.00" branch-rate="1.00" complexity="0">
                            <lines>
                                <line number="33" hits="1" branch="false"/>
                                <line number="31" hits="1" branch="false"/>
                                <line number="31" hits="1" branch="false"/>
                                <line number="33" hits="1" branch="false"/>
                                <line number="33" hits="1" branch="false"/>
                                <line number="32" hits="1" branch="false"/>
                                <line number="33" hits="1" branch="false"/>
                            </lines>
                        </method>
                        <method name="router/Routes/routes" signature="()V" line-rate="0.29" branch-rate="0.50" complexity="0">
                            <lines>
                                <line number="97" hits="0" branch="false"/>
                                <line number="91" hits="1" branch="false"/>
                                <line number="97" hits="0" branch="false"/>
                                <line number="97" hits="0" branch="false"/>
                                <line number="97" hits="0" branch="false"/>
                                <line number="97" hits="0" branch="false"/>
                                <line number="87" hits="1" branch="false"/>
                                <line number="97" hits="0" branch="false"/>
                                <line number="92" hits="1" branch="false"/>
                                <line number="97" hits="0" branch="false"/>
                                <line number="98" hits="0" branch="false"/>
                                <line number="98" hits="0" branch="false"/>
                                <line number="91" hits="1" branch="true"/>
                                <line number="97" hits="0" branch="true"/>
                                <line number="97" hits="0" branch="false"/>
                                <line number="97" hits="0" branch="false"/>
                                <line number="92" hits="1" branch="false"/>
                            </lines>
                        </method>
                    </methods>
                    <lines>
                        <line number="97" hits="0" branch="false"/>
                        <line number="91" hits="1" branch="false"/>
                        <line number="97" hits="0" branch="false"/>
                        <line number="33" hits="1" branch="false"/>
                        <line number="41" hits="0" branch="false"/>
                        <line number="45" hits="0" branch="false"/>
                        <line number="37" hits="1" branch="false"/>
                        <line number="42" hits="0" branch="false"/>
                        <line number="28" hits="1" branch="false"/>
                        <line number="97" hits="0" branch="false"/>
                        <line number="97" hits="0" branch="false"/>
                        <line number="46" hits="0" branch="false"/>
                        <line number="44" hits="0" branch="false"/>
                        <line number="37" hits="0" branch="false"/>
                        <line number="31" hits="1" branch="false"/>
                        <line number="42" hits="0" branch="false"/>
                        <line number="31" hits="1" branch="false"/>
                        <line number="97" hits="0" branch="false"/>
                        <line number="87" hits="1" branch="false"/>
                        <line number="37" hits="1" branch="true"/>
                        <line number="42" hits="0" branch="false"/>
                        <line number="46" hits="0" branch="true"/>
                        <line number="41" hits="0" branch="false"/>
                        <line number="44" hits="0" branch="false"/>
                        <line number="97" hits="0" branch="false"/>
                        <line number="33" hits="1" branch="false"/>
                        <line number="92" hits="1" branch="false"/>
                        <line number="97" hits="0" branch="false"/>
                        <line number="98" hits="0" branch="false"/>
                        <line number="45" hits="0" branch="true"/>
                        <line number="33" hits="1" branch="false"/>
                        <line number="41" hits="0" branch="false"/>
                        <line number="41" hits="0" branch="false"/>
                        <line number="98" hits="0" branch="false"/>
                        <line number="45" hits="0" branch="false"/>
                        <line number="91" hits="1" branch="true"/>
                        <line number="42" hits="0" branch="false"/>
                        <line number="97" hits="0" branch="true"/>
                        <line number="28" hits="1" branch="false"/>
                        <line number="37" hits="1" branch="false"/>
                        <line number="46" hits="0" branch="false"/>
                        <line number="97" hits="0" branch="false"/>
                        <line number="32" hits="1" branch="false"/>
                        <line number="37" hits="0" branch="true"/>
                        <line number="97" hits="0" branch="false"/>
                        <line number="92" hits="1" branch="false"/>
                        <line number="43" hits="0" branch="false"/>
                        <line number="33" hits="1" branch="false"/>
                    </lines>
                </class>
            </classes>
        </package>
        <package name="views.html" line-rate="0.90" branch-rate="1.00" complexity="0">
            <classes>
                <class 
                name="views.html.index" filename="views\html\index.template.scala" line-rate="0.85" branch-rate="1.00" complexity="0">
                    <methods>
                        <method name="views.html/index/apply" signature="()V" line-rate="1.00" branch-rate="1.00" complexity="0">
                            <lines>
                                <line number="28" hits="1" branch="false"/>
                                <line number="30" hits="1" branch="false"/>
                                <line number="28" hits="1" branch="false"/>
                                <line number="22" hits="1" branch="false"/>
                                <line number="28" hits="1" branch="false"/>
                                <line number="28" hits="1" branch="false"/>
                                <line number="28" hits="1" branch="false"/>
                                <line number="26" hits="1" branch="false"/>
                                <line number="26" hits="1" branch="false"/>
                                <line number="29" hits="1" branch="false"/>
                                <line number="28" hits="1" branch="false"/>
                            </lines>
                        </method>
                        <method name="views.html/index/render" signature="()V" line-rate="0.00" branch-rate="0.00" complexity="0">
                            <lines>
                                <line number="36" hits="0" branch="false"/>
                            </lines>
                        </method>
                        <method name="views.html/index/f" signature="()V" line-rate="0.00" branch-rate="0.00" complexity="0">
                            <lines>
                                <line number="38" hits="0" branch="false"/>
                            </lines>
                        </method>
                    </methods>
                    <lines>
                        <line number="28" hits="1" branch="false"/>
                        <line number="30" hits="1" branch="false"/>
                        <line number="28" hits="1" branch="false"/>
                        <line number="36" hits="0" branch="false"/>
                        <line number="22" hits="1" branch="false"/>
                        <line number="28" hits="1" branch="false"/>
                        <line number="28" hits="1" branch="false"/>
                        <line number="28" hits="1" branch="false"/>
                        <line number="26" hits="1" branch="false"/>
                        <line number="26" hits="1" branch="false"/>
                        <line number="29" hits="1" branch="false"/>
                        <line number="38" hits="0" branch="false"/>
                        <line number="28" hits="1" branch="false"/>
                    </lines>
</class>
                <class 
                name="views.html.main" filename="views\html\main.template.scala" line-rate="0.92" branch-rate="1.00" complexity="0">
                    <methods>
                        <method name="views.html/main/apply" signature="()V" line-rate="1.00" branch-rate="1.00" complexity="0">
                            <lines>
                                <line number="33" hits="1" branch="false"/>
                                <line number="46" hits="1" branch="false"/>
                                <line number="39" hits="1" branch="false"/>
                                <line number="31" hits="1" branch="false"/>
                                <line number="39" hits="1" branch="false"/>
                                <line number="37" hits="1" branch="false"/>
                                <line number="44" hits="1" branch="false"/>
                                <line number="38" hits="1" branch="false"/>
                                <line number="44" hits="1" branch="false"/>
                                <line number="38" hits="1" branch="false"/>
                                <line number="46" hits="1" branch="false"/>
                                <line number="38" hits="1" branch="false"/>
                                <line number="31" hits="1" branch="false"/>
                                <line number="46" hits="1" branch="false"/>
                                <line number="39" hits="1" branch="false"/>
                                <line number="37" hits="1" branch="false"/>
                                <line number="46" hits="1" branch="false"/>
                                <line number="39" hits="1" branch="false"/>
                                <line number="27" hits="1" branch="false"/>
                                <line number="43" hits="1" branch="false"/>
                                <line number="37" hits="1" branch="false"/>
                                <line number="46" hits="1" branch="false"/>
                                <line number="38" hits="1" branch="false"/>
                                <line number="36" hits="1" branch="false"/>
                            </lines>
                        </method>
                        <method name="views.html/main/f" signature="()V" line-rate="0.00" branch-rate="0.00" complexity="0">
                            <lines>
                                <line number="56" hits="0" branch="false"/>
                            </lines>
                        </method>
                        <method name="views.html/main/render" signature="()V" line-rate="0.00" branch-rate="0.00" complexity="0">
                            <lines>
                                <line number="54" hits="0" branch="false"/>
                            </lines>
                        </method>
                    </methods>
                    <lines>
                        <line number="33" hits="1" branch="false"/>
                        <line number="46" hits="1" branch="false"/>
                        <line number="39" hits="1" branch="false"/>
                        <line number="31" hits="1" branch="false"/>
                        <line number="39" hits="1" branch="false"/>
                        <line number="37" hits="1" branch="false"/>
                        <line number="56" hits="0" branch="false"/>
                        <line number="44" hits="1" branch="false"/>
                        <line number="38" hits="1" branch="false"/>
                        <line number="44" hits="1" branch="false"/>
                        <line number="54" hits="0" branch="false"/>
                        <line number="38" hits="1" branch="false"/>
                        <line number="46" hits="1" branch="false"/>
                        <line number="38" hits="1" branch="false"/>
                        <line number="31" hits="1" branch="false"/>
                        <line number="46" hits="1" branch="false"/>
                        <line number="39" hits="1" branch="false"/>
                        <line number="37" hits="1" branch="false"/>
                        <line number="46" hits="1" branch="false"/>
                        <line number="39" hits="1" branch="false"/>
                        <line number="27" hits="1" branch="false"/>
                        <line number="43" hits="1" branch="false"/>
                        <line number="37" hits="1" branch="false"/>
                        <line number="46" hits="1" branch="false"/>
                        <line number="38" hits="1" branch="false"/>
                        <line number="36" hits="1" branch="false"/>
                    </lines>
</class>
            </classes>
        </package>
    </packages>
</coverage>
